output_root: ../
pytorch_data_dir: /pytorch-data
submitting_to_aml: false
dataset: cocostuff
model_type: vit
activation_type: token
outlier_detection: true
upsampler_type: jbu_stack
downsampler_type: attention
max_pad: 20
max_zoom: 2
n_jitters: 5
random_projection: 30
crf_weight: 0.001
filter_ent_weight: 0.0
tv_weight: 0.0
implicit_sup_weight: 1.0
batch_size: 2
epochs: 1
num_gpus: 1
num_workers: 24
lr: 0.001

../
[main 1eeb4e1] training results from cip pool
 Committer: Ozan Ilgin Tanriverdi <tanriverdi@cipollino.cip.ifi.lmu.de>
Your name and email address were configured automatically based
on your username and hostname. Please check that they are accurate.
You can suppress this message by setting them explicitly. Run the
following command and follow the instructions in your editor to edit
your configuration file:

    git config --global --edit

After doing this, you may fix the identity used for this commit with:

    git commit --amend --reset-author

 4 files changed, 67 insertions(+)
 create mode 100644 slurm_logs/FeatUP_training_577690.err
 create mode 100644 slurm_logs/FeatUP_training_577690.out
