slurmstepd-chondrit: error: Unable to create TMPDIR [/tmp/user/32398]: Permission denied
slurmstepd-chondrit: error: Setting TMPDIR to /tmp
train_jbu_upsampler.py:295: UserWarning: 
The version_base parameter is not specified.
Please specify a compatability version level, or None.
Will assume defaults for version 1.1
  @hydra.main(config_path="configs", config_name="jbu_upsampler.yaml")
/home/t/tanriverdi/.local/lib/python3.8/site-packages/hydra/_internal/hydra.py:119: UserWarning: Future Hydra versions will no longer change working directory at job runtime by default.
See https://hydra.cc/docs/1.2/upgrades/1.1_to_1.2/changes_to_job_working_dir/ for more information.
  ret = run_job(
Global seed set to 0
/home/t/tanriverdi/.local/lib/python3.8/site-packages/torch/utils/data/dataloader.py:474: UserWarning: This DataLoader will create 24 worker processes in total. Our suggested max number of worker in current system is 14, which is smaller than what this DataLoader is going to create. Please be aware that excessive worker creation might get DataLoader running slow or even freeze, lower the worker number to avoid potential slowness/freeze if necessary.
  warnings.warn(_create_warning_msg(
Error executing job with overrides: []
Traceback (most recent call last):
  File "train_jbu_upsampler.py", line 360, in my_app
    trainer = Trainer(
  File "/home/t/tanriverdi/.local/lib/python3.8/site-packages/pytorch_lightning/trainer/connectors/env_vars_connector.py", line 40, in insert_env_defaults
    return fn(self, **kwargs)
TypeError: __init__() got an unexpected keyword argument 'strategy'

Set the environment variable HYDRA_FULL_ERROR=1 for a complete stack trace.
